<?xml version="1.0" encoding="UTF-8"?>
<!-- Generated by org.testng.reporters.JUnitXMLReporter -->
<testsuite ignored="12" hostname="WELCOME" failures="0" tests="1" name="Default test" time="38.284" errors="0" timestamp="2022-03-14T21:36:41 IST">
  <testcase classname="app.tests.SpeakEnglishTests" name="verifyViewAllFK" time="26.711"/>
  <testcase classname="app.tests.SpeakEnglishTests" name="verifyCountryDropdown" time="0.0">
    <ignored/>
  </testcase> <!-- verifyCountryDropdown -->
  <testcase classname="app.tests.SpeakEnglishTests" name="verifyGuruRegistrationPage" time="0.0">
    <ignored/>
  </testcase> <!-- verifyGuruRegistrationPage -->
  <testcase classname="app.tests.SpeakEnglishTests" name="verifyValidUser" time="0.0">
    <ignored/>
  </testcase> <!-- verifyValidUser -->
  <testcase classname="app.tests.SpeakEnglishTests" name="verifyInvalidUser" time="0.0">
    <ignored/>
  </testcase> <!-- verifyInvalidUser -->
  <testcase classname="app.tests.SpeakEnglishTests" name="verifyCosmocodeWebTable" time="0.0">
    <ignored/>
  </testcase> <!-- verifyCosmocodeWebTable -->
  <testcase classname="app.tests.SpeakEnglishTests" name="verifyTableData" time="0.0">
    <ignored/>
  </testcase> <!-- verifyTableData -->
  <testcase classname="app.tests.SpeakEnglishTests" name="verifyTechlistIcWebTable" time="0.0">
    <ignored/>
  </testcase> <!-- verifyTechlistIcWebTable -->
  <testcase classname="app.tests.SpeakEnglishTests" name="verifyMenuOptions" time="0.0">
    <ignored/>
  </testcase> <!-- verifyMenuOptions -->
  <testcase classname="app.tests.SpeakEnglishTests" name="verifyImagesOnLandingPage" time="0.0">
    <ignored/>
  </testcase> <!-- verifyImagesOnLandingPage -->
  <testcase classname="app.tests.SpeakEnglishTests" name="verifyWebTable" time="0.0">
    <ignored/>
  </testcase> <!-- verifyWebTable -->
  <testcase classname="app.tests.SpeakEnglishTests" name="verifyAutomationPageTitle" time="0.0">
    <ignored/>
  </testcase> <!-- verifyAutomationPageTitle -->
  <testcase classname="app.tests.SpeakEnglishTests" name="verifySearchBook" time="0.0">
    <ignored/>
  </testcase> <!-- verifySearchBook -->
</testsuite> <!-- Default test -->
