<?xml version="1.0" encoding="UTF-8"?>
<testng-results ignored="12" total="13" passed="1" failed="0" skipped="0">
  <reporter-output>
  </reporter-output>
  <suite started-at="2022-03-14T21:22:48 IST" name="Speak English Smoke Suite" finished-at="2022-03-14T21:23:30 IST" duration-ms="42646">
    <groups>
    </groups>
    <test started-at="2022-03-14T21:22:48 IST" name="Speak English Login Verification" finished-at="2022-03-14T21:23:30 IST" duration-ms="42646">
      <class name="app.tests.SpeakEnglishTests">
        <test-method is-config="true" signature="loadData()[pri:0, instance:app.tests.SpeakEnglishTests@1bb266b3]" started-at="2022-03-14T21:22:48 IST" name="loadData" finished-at="2022-03-14T21:22:48 IST" duration-ms="35" status="PASS">
          <reporter-output>
          </reporter-output>
        </test-method> <!-- loadData -->
        <test-method is-config="true" signature="setup()[pri:0, instance:app.tests.SpeakEnglishTests@1bb266b3]" started-at="2022-03-14T21:22:48 IST" name="setup" finished-at="2022-03-14T21:23:05 IST" duration-ms="17347" status="PASS">
          <reporter-output>
          </reporter-output>
        </test-method> <!-- setup -->
        <test-method signature="verifyViewAllFK()[pri:0, instance:app.tests.SpeakEnglishTests@1bb266b3]" started-at="2022-03-14T21:23:05 IST" name="verifyViewAllFK" finished-at="2022-03-14T21:23:25 IST" duration-ms="20184" status="PASS">
          <reporter-output>
          </reporter-output>
        </test-method> <!-- verifyViewAllFK -->
        <test-method is-config="true" signature="tearDown()[pri:0, instance:app.tests.SpeakEnglishTests@1bb266b3]" started-at="2022-03-14T21:23:25 IST" name="tearDown" finished-at="2022-03-14T21:23:30 IST" duration-ms="4992" status="PASS">
          <reporter-output>
          </reporter-output>
        </test-method> <!-- tearDown -->
      </class> <!-- app.tests.SpeakEnglishTests -->
    </test> <!-- Speak English Login Verification -->
  </suite> <!-- Speak English Smoke Suite -->
</testng-results>
