<?xml version="1.0" encoding="UTF-8"?>
<testng-results ignored="12" total="13" passed="1" failed="0" skipped="0">
  <reporter-output>
  </reporter-output>
  <suite started-at="2022-03-14T21:36:03 IST" name="Default suite" finished-at="2022-03-14T21:36:41 IST" duration-ms="38284">
    <groups>
    </groups>
    <test started-at="2022-03-14T21:36:03 IST" name="Default test" finished-at="2022-03-14T21:36:41 IST" duration-ms="38284">
      <class name="app.tests.SpeakEnglishTests">
        <test-method is-config="true" signature="loadData()[pri:0, instance:app.tests.SpeakEnglishTests@7e3060d8]" started-at="2022-03-14T21:36:03 IST" name="loadData" finished-at="2022-03-14T21:36:03 IST" duration-ms="69" status="PASS">
          <reporter-output>
          </reporter-output>
        </test-method> <!-- loadData -->
        <test-method is-config="true" signature="setup()[pri:0, instance:app.tests.SpeakEnglishTests@7e3060d8]" started-at="2022-03-14T21:36:03 IST" name="setup" finished-at="2022-03-14T21:36:12 IST" duration-ms="9587" status="PASS">
          <reporter-output>
          </reporter-output>
        </test-method> <!-- setup -->
        <test-method signature="verifyViewAllFK()[pri:0, instance:app.tests.SpeakEnglishTests@7e3060d8]" started-at="2022-03-14T21:36:12 IST" name="verifyViewAllFK" finished-at="2022-03-14T21:36:39 IST" duration-ms="26711" status="PASS">
          <reporter-output>
          </reporter-output>
        </test-method> <!-- verifyViewAllFK -->
        <test-method is-config="true" signature="tearDown()[pri:0, instance:app.tests.SpeakEnglishTests@7e3060d8]" started-at="2022-03-14T21:36:39 IST" name="tearDown" finished-at="2022-03-14T21:36:41 IST" duration-ms="1851" status="PASS">
          <reporter-output>
          </reporter-output>
        </test-method> <!-- tearDown -->
      </class> <!-- app.tests.SpeakEnglishTests -->
    </test> <!-- Default test -->
  </suite> <!-- Default suite -->
</testng-results>
