<?xml version="1.0" encoding="UTF-8"?>
<!-- Generated by org.testng.reporters.JUnitXMLReporter -->
<testsuite ignored="2" hostname="WELCOME" failures="0" tests="1" name="Speak English Login Verification" time="46.253" errors="0" timestamp="2022-03-02T09:44:44 IST">
  <testcase classname="app.tests.SpeakEnglishTests" name="verifyValidUser" time="29.05"/>
  <testcase classname="app.tests.SpeakEnglishTests" name="verifyInvalidUser" time="0.0">
    <ignored/>
  </testcase> <!-- verifyInvalidUser -->
  <testcase classname="app.tests.SpeakEnglishTests" name="verifyImagesOnLandingPage" time="0.0">
    <ignored/>
  </testcase> <!-- verifyImagesOnLandingPage -->
</testsuite> <!-- Speak English Login Verification -->
